<?xml version="1.0" encoding="UTF-8"?>
<testsuite xmlns:xsi="http://www.w3.org/2001/XMLSchema-instance" xsi:noNamespaceSchemaLocation="https://maven.apache.org/surefire/maven-surefire-plugin/xsd/surefire-test-report.xsd" name="com.valo.mybatis.AppTest" time="1.076" tests="1" errors="1" skipped="0" failures="0">
  <properties>
    <property name="sun.desktop" value="windows"/>
    <property name="awt.toolkit" value="sun.awt.windows.WToolkit"/>
    <property name="file.encoding.pkg" value="sun.io"/>
    <property name="java.specification.version" value="1.8"/>
    <property name="sun.cpu.isalist" value="amd64"/>
    <property name="sun.jnu.encoding" value="GBK"/>
    <property name="java.class.path" value="D:\workSpace\base-space\ex04-mybatis\mybatis-01-base\target\test-classes;D:\workSpace\base-space\ex04-mybatis\mybatis-01-base\target\classes;D:\tool\repository\junit\junit\4.11\junit-4.11.jar;D:\tool\repository\org\hamcrest\hamcrest-core\1.3\hamcrest-core-1.3.jar;D:\tool\repository\org\projectlombok\lombok\1.18.18\lombok-1.18.18.jar;D:\tool\repository\mysql\mysql-connector-java\5.1.39\mysql-connector-java-5.1.39.jar;D:\tool\repository\org\mybatis\mybatis\3.5.2\mybatis-3.5.2.jar;"/>
    <property name="java.vm.vendor" value="Oracle Corporation"/>
    <property name="sun.arch.data.model" value="64"/>
    <property name="user.variant" value=""/>
    <property name="java.vendor.url" value="http://java.oracle.com/"/>
    <property name="user.timezone" value="Asia/Shanghai"/>
    <property name="java.vm.specification.version" value="1.8"/>
    <property name="os.name" value="Windows 10"/>
    <property name="user.country" value="CN"/>
    <property name="sun.java.launcher" value="SUN_STANDARD"/>
    <property name="sun.boot.library.path" value="C:\Program Files\Java\jdk1.8.0_181\jre\bin"/>
    <property name="sun.java.command" value="C:\Users\75416\AppData\Local\Temp\surefire1418781288796283959\surefirebooter4467837614619128407.jar C:\Users\75416\AppData\Local\Temp\surefire1418781288796283959 2021-03-30T23-36-58_162-jvmRun1 surefire6983566148732227190tmp surefire_09003066304390847682tmp"/>
    <property name="surefire.test.class.path" value="D:\workSpace\base-space\ex04-mybatis\mybatis-01-base\target\test-classes;D:\workSpace\base-space\ex04-mybatis\mybatis-01-base\target\classes;D:\tool\repository\junit\junit\4.11\junit-4.11.jar;D:\tool\repository\org\hamcrest\hamcrest-core\1.3\hamcrest-core-1.3.jar;D:\tool\repository\org\projectlombok\lombok\1.18.18\lombok-1.18.18.jar;D:\tool\repository\mysql\mysql-connector-java\5.1.39\mysql-connector-java-5.1.39.jar;D:\tool\repository\org\mybatis\mybatis\3.5.2\mybatis-3.5.2.jar;"/>
    <property name="sun.cpu.endian" value="little"/>
    <property name="user.home" value="C:\Users\75416"/>
    <property name="user.language" value="zh"/>
    <property name="java.specification.vendor" value="Oracle Corporation"/>
    <property name="java.home" value="C:\Program Files\Java\jdk1.8.0_181\jre"/>
    <property name="basedir" value="D:\workSpace\base-space\ex04-mybatis\mybatis-01-base"/>
    <property name="file.separator" value="\"/>
    <property name="line.separator" value="&#10;"/>
    <property name="java.vm.specification.vendor" value="Oracle Corporation"/>
    <property name="java.specification.name" value="Java Platform API Specification"/>
    <property name="java.awt.graphicsenv" value="sun.awt.Win32GraphicsEnvironment"/>
    <property name="surefire.real.class.path" value="C:\Users\75416\AppData\Local\Temp\surefire1418781288796283959\surefirebooter4467837614619128407.jar"/>
    <property name="sun.boot.class.path" value="C:\Program Files\Java\jdk1.8.0_181\jre\lib\resources.jar;C:\Program Files\Java\jdk1.8.0_181\jre\lib\rt.jar;C:\Program Files\Java\jdk1.8.0_181\jre\lib\sunrsasign.jar;C:\Program Files\Java\jdk1.8.0_181\jre\lib\jsse.jar;C:\Program Files\Java\jdk1.8.0_181\jre\lib\jce.jar;C:\Program Files\Java\jdk1.8.0_181\jre\lib\charsets.jar;C:\Program Files\Java\jdk1.8.0_181\jre\lib\jfr.jar;C:\Program Files\Java\jdk1.8.0_181\jre\classes"/>
    <property name="user.script" value=""/>
    <property name="sun.management.compiler" value="HotSpot 64-Bit Tiered Compilers"/>
    <property name="java.runtime.version" value="1.8.0_181-b13"/>
    <property name="user.name" value="75416"/>
    <property name="path.separator" value=";"/>
    <property name="os.version" value="10.0"/>
    <property name="java.endorsed.dirs" value="C:\Program Files\Java\jdk1.8.0_181\jre\lib\endorsed"/>
    <property name="java.runtime.name" value="Java(TM) SE Runtime Environment"/>
    <property name="file.encoding" value="GBK"/>
    <property name="java.vm.name" value="Java HotSpot(TM) 64-Bit Server VM"/>
    <property name="localRepository" value="D:\tool\repository"/>
    <property name="java.vendor.url.bug" value="http://bugreport.sun.com/bugreport/"/>
    <property name="java.io.tmpdir" value="C:\Users\75416\AppData\Local\Temp\"/>
    <property name="idea.version" value="2020.3.2"/>
    <property name="java.version" value="1.8.0_181"/>
    <property name="user.dir" value="D:\workSpace\base-space\ex04-mybatis\mybatis-01-base"/>
    <property name="os.arch" value="amd64"/>
    <property name="java.vm.specification.name" value="Java Virtual Machine Specification"/>
    <property name="java.awt.printerjob" value="sun.awt.windows.WPrinterJob"/>
    <property name="sun.os.patch.level" value=""/>
    <property name="java.library.path" value="C:\Program Files\Java\jdk1.8.0_181\jre\bin;C:\WINDOWS\Sun\Java\bin;C:\WINDOWS\system32;C:\WINDOWS;C:\Program Files\Python38\Scripts\;C:\Program Files\Python38\;C:\Program Files (x86)\Common Files\Oracle\Java\javapath;C:\WINDOWS\system32;C:\WINDOWS;C:\WINDOWS\System32\Wbem;C:\WINDOWS\System32\WindowsPowerShell\v1.0\;C:\WINDOWS\System32\OpenSSH\;C:\Program Files\NVIDIA Corporation\NVIDIA NvDLISR;C:\Program Files (x86)\NVIDIA Corporation\PhysX\Common;C:\Program Files\Java\jdk1.8.0_181\bin;C:\Program Files\Java\jdk1.8.0_181\jre\bin;E:\common\putty\;C:\Program Files\nodejs\;C:\Go\bin;C:\Program Files (x86)\mingw-w64\i686-8.1.0-posix-dwarf-rt_v6-rev0\mingw32\bin;C:\Program Files\Git\cmd;C:\Program Files\Microsoft SQL Server\130\Tools\Binn\;C:\Program Files\Microsoft SQL Server\Client SDK\ODBC\170\Tools\Binn\;E:\common\TortoiseGit\bin;C:\Program Files\dotnet\;C:\Program Files\MySQL\MySQL Server 8.0\bin;C:\Program Files\MySQL\MySQL Shell 8.0\bin\;C:\Users\75416\AppData\Local\Microsoft\WindowsApps;;E:\common\IntelliJ IDEA 2019.3.1\bin;;D:\common\BandZip\;C:\Users\75416\AppData\Roaming\npm;C:\Users\75416\go\bin;C:\Users\75416\.dotnet\tools;C:\Users\75416\AppData\Local\Programs\Microsoft VS Code\bin;."/>
    <property name="java.vm.info" value="mixed mode"/>
    <property name="java.vendor" value="Oracle Corporation"/>
    <property name="java.vm.version" value="25.181-b13"/>
    <property name="java.ext.dirs" value="C:\Program Files\Java\jdk1.8.0_181\jre\lib\ext;C:\WINDOWS\Sun\Java\lib\ext"/>
    <property name="sun.io.unicode.encoding" value="UnicodeLittle"/>
    <property name="java.class.version" value="52.0"/>
  </properties>
  <testcase name="test01" classname="com.valo.mybatis.AppTest" time="1.047">
    <error message="&#10;### Error querying database.  Cause: com.mysql.jdbc.exceptions.jdbc4.CommunicationsException: Communications link failure&#10;&#10;The last packet successfully received from the server was 663 milliseconds ago.  The last packet sent successfully to the server was 660 milliseconds ago.&#10;### The error may exist in UserMapper.xml&#10;### The error may involve com.valo.mybatis.mapper.UserMapper.getUser&#10;### The error occurred while executing a query&#10;### Cause: com.mysql.jdbc.exceptions.jdbc4.CommunicationsException: Communications link failure&#10;&#10;The last packet successfully received from the server was 663 milliseconds ago.  The last packet sent successfully to the server was 660 milliseconds ago." type="org.apache.ibatis.exceptions.PersistenceException">org.apache.ibatis.exceptions.PersistenceException: 

### Error querying database.  Cause: com.mysql.jdbc.exceptions.jdbc4.CommunicationsException: Communications link failure

The last packet successfully received from the server was 663 milliseconds ago.  The last packet sent successfully to the server was 660 milliseconds ago.
### The error may exist in UserMapper.xml
### The error may involve com.valo.mybatis.mapper.UserMapper.getUser
### The error occurred while executing a query
### Cause: com.mysql.jdbc.exceptions.jdbc4.CommunicationsException: Communications link failure

The last packet successfully received from the server was 663 milliseconds ago.  The last packet sent successfully to the server was 660 milliseconds ago.
	at com.valo.mybatis.AppTest.test01(AppTest.java:20)
Caused by: com.mysql.jdbc.exceptions.jdbc4.CommunicationsException: 
Communications link failure

The last packet successfully received from the server was 663 milliseconds ago.  The last packet sent successfully to the server was 660 milliseconds ago.
	at com.valo.mybatis.AppTest.test01(AppTest.java:20)
Caused by: javax.net.ssl.SSLHandshakeException: sun.security.validator.ValidatorException: PKIX path building failed: sun.security.provider.certpath.SunCertPathBuilderException: unable to find valid certification path to requested target
	at com.valo.mybatis.AppTest.test01(AppTest.java:20)
Caused by: sun.security.validator.ValidatorException: PKIX path building failed: sun.security.provider.certpath.SunCertPathBuilderException: unable to find valid certification path to requested target
	at com.valo.mybatis.AppTest.test01(AppTest.java:20)
Caused by: sun.security.provider.certpath.SunCertPathBuilderException: unable to find valid certification path to requested target
	at com.valo.mybatis.AppTest.test01(AppTest.java:20)
</error>
  </testcase>
</testsuite>